<?xml version="1.0" encoding="UTF-8"?>
<testsuite name="com.tencent.cos.xml.ExampleUnitTest" tests="1" skipped="0" failures="0" errors="0" timestamp="2018-01-16T02:59:39" hostname="bradyxiao-PC0" time="0.001">
  <properties/>
  <testcase name="addition_isCorrect" classname="com.tencent.cos.xml.ExampleUnitTest" time="0.001"/>
  <system-out><![CDATA[]]></system-out>
  <system-err><![CDATA[]]></system-err>
</testsuite>
